{"/Users/golergka/Projects/lox-ts/src/Token.ts": {"path":"/Users/golergka/Projects/lox-ts/src/Token.ts","statementMap":{"0":{"start":{"line":5,"column":24},"end":{"line":5,"column":39}},"1":{"start":{"line":6,"column":24},"end":{"line":6,"column":38}},"2":{"start":{"line":7,"column":24},"end":{"line":7,"column":36}},"3":{"start":{"line":8,"column":24},"end":{"line":8,"column":36}},"4":{"start":{"line":13,"column":8},"end":{"line":13,"column":null}},"5":{"start":{"line":3,"column":0},"end":{"line":3,"column":13}}},"fnMap":{"0":{"name":"(anonymous_0)","decl":{"start":{"line":4,"column":4},"end":{"line":4,"column":null}},"loc":{"start":{"line":8,"column":36},"end":{"line":10,"column":5}}},"1":{"name":"(anonymous_1)","decl":{"start":{"line":12,"column":11},"end":{"line":12,"column":19}},"loc":{"start":{"line":12,"column":19},"end":{"line":14,"column":5}}}},"branchMap":{},"s":{"0":5,"1":5,"2":5,"3":5,"4":0,"5":2},"f":{"0":5,"1":0},"b":{}}
,"/Users/golergka/Projects/lox-ts/src/printExpr.ts": {"path":"/Users/golergka/Projects/lox-ts/src/printExpr.ts","statementMap":{"0":{"start":{"line":4,"column":1},"end":{"line":13,"column":null}},"1":{"start":{"line":6,"column":3},"end":{"line":6,"column":null}},"2":{"start":{"line":8,"column":3},"end":{"line":8,"column":null}},"3":{"start":{"line":10,"column":3},"end":{"line":10,"column":null}},"4":{"start":{"line":12,"column":3},"end":{"line":12,"column":null}},"5":{"start":{"line":3,"column":0},"end":{"line":3,"column":16}},"6":{"start":{"line":17,"column":1},"end":{"line":17,"column":null}},"7":{"start":{"line":17,"column":42},"end":{"line":17,"column":60}}},"fnMap":{"0":{"name":"printExpr","decl":{"start":{"line":3,"column":16},"end":{"line":3,"column":25}},"loc":{"start":{"line":3,"column":36},"end":{"line":14,"column":1}}},"1":{"name":"parenthesize","decl":{"start":{"line":16,"column":9},"end":{"line":16,"column":21}},"loc":{"start":{"line":16,"column":58},"end":{"line":18,"column":1}}},"2":{"name":"(anonymous_2)","decl":{"start":{"line":17,"column":35},"end":{"line":17,"column":36}},"loc":{"start":{"line":17,"column":42},"end":{"line":17,"column":60}}}},"branchMap":{"0":{"loc":{"start":{"line":5,"column":2},"end":{"line":6,"column":null}},"type":"switch","locations":[{"start":{"line":5,"column":2},"end":{"line":6,"column":null}},{"start":{"line":7,"column":2},"end":{"line":8,"column":null}},{"start":{"line":9,"column":2},"end":{"line":10,"column":null}},{"start":{"line":11,"column":2},"end":{"line":12,"column":null}}]},"1":{"loc":{"start":{"line":10,"column":32},"end":{"line":10,"column":37}},"type":"cond-expr","locations":[{"start":{"line":10,"column":32},"end":{"line":10,"column":37}},{"start":{"line":10,"column":40},"end":{"line":10,"column":61}}]}},"s":{"0":5,"1":1,"2":1,"3":2,"4":1,"5":1,"6":3,"7":4},"f":{"0":5,"1":3,"2":4},"b":{"0":[1,1,2,1],"1":[0,2]}}
,"/Users/golergka/Projects/lox-ts/src/rpnExpr.ts": {"path":"/Users/golergka/Projects/lox-ts/src/rpnExpr.ts","statementMap":{"0":{"start":{"line":4,"column":1},"end":{"line":17,"column":null}},"1":{"start":{"line":6,"column":3},"end":{"line":10,"column":null}},"2":{"start":{"line":12,"column":3},"end":{"line":12,"column":null}},"3":{"start":{"line":14,"column":3},"end":{"line":14,"column":null}},"4":{"start":{"line":16,"column":3},"end":{"line":16,"column":null}},"5":{"start":{"line":3,"column":0},"end":{"line":3,"column":16}}},"fnMap":{"0":{"name":"rpnExpr","decl":{"start":{"line":3,"column":16},"end":{"line":3,"column":23}},"loc":{"start":{"line":3,"column":34},"end":{"line":18,"column":1}}}},"branchMap":{"0":{"loc":{"start":{"line":5,"column":2},"end":{"line":10,"column":null}},"type":"switch","locations":[{"start":{"line":5,"column":2},"end":{"line":10,"column":null}},{"start":{"line":11,"column":2},"end":{"line":12,"column":null}},{"start":{"line":13,"column":2},"end":{"line":14,"column":null}},{"start":{"line":15,"column":2},"end":{"line":16,"column":null}}]},"1":{"loc":{"start":{"line":14,"column":32},"end":{"line":14,"column":37}},"type":"cond-expr","locations":[{"start":{"line":14,"column":32},"end":{"line":14,"column":37}},{"start":{"line":14,"column":40},"end":{"line":14,"column":61}}]}},"s":{"0":7,"1":3,"2":0,"3":4,"4":0,"5":1},"f":{"0":7},"b":{"0":[3,0,4,0],"1":[0,4]}}
,"/Users/golergka/Projects/lox-ts/src/generated/Expr.ts": {"path":"/Users/golergka/Projects/lox-ts/src/generated/Expr.ts","statementMap":{"0":{"start":{"line":15,"column":4},"end":{"line":20,"column":null}},"1":{"start":{"line":10,"column":0},"end":{"line":10,"column":16}},"2":{"start":{"line":31,"column":4},"end":{"line":34,"column":null}},"3":{"start":{"line":28,"column":0},"end":{"line":28,"column":16}},"4":{"start":{"line":45,"column":4},"end":{"line":48,"column":null}},"5":{"start":{"line":42,"column":0},"end":{"line":42,"column":16}},"6":{"start":{"line":61,"column":4},"end":{"line":65,"column":null}},"7":{"start":{"line":57,"column":0},"end":{"line":57,"column":16}}},"fnMap":{"0":{"name":"binaryExpr","decl":{"start":{"line":10,"column":16},"end":{"line":10,"column":26}},"loc":{"start":{"line":13,"column":15},"end":{"line":21,"column":1}}},"1":{"name":"groupingExpr","decl":{"start":{"line":28,"column":16},"end":{"line":28,"column":28}},"loc":{"start":{"line":29,"column":20},"end":{"line":35,"column":1}}},"2":{"name":"literalExpr","decl":{"start":{"line":42,"column":16},"end":{"line":42,"column":27}},"loc":{"start":{"line":43,"column":17},"end":{"line":49,"column":1}}},"3":{"name":"unaryExpr","decl":{"start":{"line":57,"column":16},"end":{"line":57,"column":25}},"loc":{"start":{"line":59,"column":15},"end":{"line":66,"column":1}}}},"branchMap":{},"s":{"0":4,"1":2,"2":1,"3":2,"4":6,"5":2,"6":1,"7":2},"f":{"0":4,"1":1,"2":6,"3":1},"b":{}}
}
