TN:
SF:src/Token.ts
FN:4,(anonymous_0)
FN:12,(anonymous_1)
FNF:2
FNH:1
FNDA:5,(anonymous_0)
FNDA:0,(anonymous_1)
DA:3,2
DA:5,5
DA:6,5
DA:7,5
DA:8,5
DA:13,0
LF:6
LH:5
BRF:0
BRH:0
end_of_record
TN:
SF:src/printExpr.ts
FN:3,printExpr
FN:16,parenthesize
FN:17,(anonymous_2)
FNF:3
FNH:3
FNDA:5,printExpr
FNDA:3,parenthesize
FNDA:4,(anonymous_2)
DA:3,1
DA:4,5
DA:6,1
DA:8,1
DA:10,2
DA:12,1
DA:17,4
LF:7
LH:7
BRDA:5,0,0,1
BRDA:5,0,1,1
BRDA:5,0,2,2
BRDA:5,0,3,1
BRDA:10,1,0,0
BRDA:10,1,1,2
BRF:6
BRH:5
end_of_record
TN:
SF:src/rpnExpr.ts
FN:3,rpnExpr
FNF:1
FNH:1
FNDA:7,rpnExpr
DA:3,1
DA:4,7
DA:6,3
DA:12,0
DA:14,4
DA:16,0
LF:6
LH:4
BRDA:5,0,0,3
BRDA:5,0,1,0
BRDA:5,0,2,4
BRDA:5,0,3,0
BRDA:14,1,0,0
BRDA:14,1,1,4
BRF:6
BRH:3
end_of_record
TN:
SF:src/generated/Expr.ts
FN:10,binaryExpr
FN:28,groupingExpr
FN:42,literalExpr
FN:57,unaryExpr
FNF:4
FNH:4
FNDA:4,binaryExpr
FNDA:1,groupingExpr
FNDA:6,literalExpr
FNDA:1,unaryExpr
DA:10,2
DA:15,4
DA:28,2
DA:31,1
DA:42,2
DA:45,6
DA:57,2
DA:61,1
LF:8
LH:8
BRF:0
BRH:0
end_of_record
